SF:lib/gilded_rose.dart
DA:12,1
DA:21,1
DA:22,2
DA:23,4
DA:24,1
LF:5
LH:5
end_of_record
SF:lib/model/item.dart
DA:6,1
DA:8,0
DA:9,0
LF:3
LH:1
end_of_record
SF:lib/model/update_conjure_strategy.dart
DA:5,1
DA:7,3
DA:8,3
DA:9,3
DA:10,2
DA:11,0
LF:6
LH:5
end_of_record
SF:lib/update_aged_brie_strategy.dart
DA:5,1
DA:7,3
DA:8,3
DA:9,2
DA:10,3
DA:13,2
DA:14,0
LF:7
LH:6
end_of_record
SF:lib/update_backstage_strategy.dart
DA:5,1
DA:7,3
DA:8,3
DA:9,2
DA:10,3
DA:13,2
DA:14,3
DA:16,2
DA:17,2
DA:18,3
LF:10
LH:10
end_of_record
SF:lib/update_default_strategy.dart
DA:5,1
DA:7,3
DA:8,3
DA:9,2
DA:10,3
LF:5
LH:5
end_of_record
SF:lib/update_item_strategy.dart
DA:9,2
DA:10,2
DA:11,2
DA:12,2
DA:14,3
DA:15,1
DA:16,1
DA:17,2
DA:22,1
DA:23,1
DA:24,2
DA:29,3
LF:12
LH:12
end_of_record
SF:lib/update_sulfuras_strategy.dart
DA:5,1
LF:1
LH:1
end_of_record
